<?xml version="1.0" encoding="UTF-8"?>
<!-- Generated by org.testng.reporters.JUnitReportReporter -->
<testsuite hostname="Mapal" failures="0" tests="3" name="com.sauce.qa.tests.HoemPageTest" time="7.260" errors="0" timestamp="11 Mar. 2023 18:51:08 GMT" skipped="0">
  <testcase classname="com.sauce.qa.tests.HoemPageTest" name="VerifyHomaPageTitleTest" time="2.357"/>
  <testcase classname="com.sauce.qa.tests.HoemPageTest" name="VerifyClickOnFristItemTest" time="2.516"/>
  <testcase classname="com.sauce.qa.tests.HoemPageTest" name="VerifyclickOnAddtoCartLinkTest" time="2.387"/>
</testsuite> <!-- com.sauce.qa.tests.HoemPageTest -->
