<?xml version="1.0" encoding="UTF-8"?>
<!-- Generated by org.testng.reporters.JUnitReportReporter -->
<testsuite hostname="Mapal" failures="0" tests="3" name="com.sauce.qa.tests.LoginPageTest" time="6.508" errors="0" timestamp="11 Mar. 2023 18:51:08 GMT" skipped="0">
  <testcase classname="com.sauce.qa.tests.LoginPageTest" name="LoginPageTitleTest" time="1.902"/>
  <testcase classname="com.sauce.qa.tests.LoginPageTest" name="ImageLogoTest" time="2.026"/>
  <testcase classname="com.sauce.qa.tests.LoginPageTest" name="loginTest" time="2.580"/>
</testsuite> <!-- com.sauce.qa.tests.LoginPageTest -->
